2020.06.20 15:00:48 INFO  started: Metals version 0.9.0 in workspace '/Users/williamv/Documents/projects/uscis/http4sdemo'
2020.06.20 15:00:49 INFO  time: initialize in 1.17s
2020.06.20 15:00:53 INFO  running '/Library/Java/JavaVirtualMachines/openjdk-11.0.2.jdk/Contents/Home/bin/java -Djline.terminal=jline.UnsupportedTerminal -Dsbt.log.noformat=true -Dfile.encoding=UTF-8 -jar /var/folders/r6/cc70_4417gqg169l_vzntt5j0sjhw1/T/metals10759870747098857321/sbt-launch.jar -Dbloop.export-jar-classifiers=sources bloopInstall'
2020.06.20 15:00:54 INFO  skipping build import with status 'Started'
2020.06.20 15:00:54 ERROR Getting org.scala-sbt sbt 1.3.10  (this may take some time)...
2020.06.20 15:01:00 INFO  downloading https://repo1.maven.org/maven2/org/scala-sbt/sbt/1.3.10/sbt-1.3.10.jar ...
2020.06.20 15:01:00 INFO  	[SUCCESSFUL ] org.scala-sbt#sbt;1.3.10!sbt.jar (180ms)
2020.06.20 15:01:00 INFO  downloading https://repo1.maven.org/maven2/org/scala-sbt/main_2.12/1.3.10/main_2.12-1.3.10.jar ...
2020.06.20 15:01:01 INFO  	[SUCCESSFUL ] org.scala-sbt#main_2.12;1.3.10!main_2.12.jar (822ms)
2020.06.20 15:01:01 INFO  downloading https://repo1.maven.org/maven2/org/scala-sbt/logic_2.12/1.3.10/logic_2.12-1.3.10.jar ...
2020.06.20 15:01:01 INFO  	[SUCCESSFUL ] org.scala-sbt#logic_2.12;1.3.10!logic_2.12.jar (121ms)
2020.06.20 15:01:01 INFO  downloading https://repo1.maven.org/maven2/org/scala-sbt/actions_2.12/1.3.10/actions_2.12-1.3.10.jar ...
2020.06.20 15:01:01 INFO  	[SUCCESSFUL ] org.scala-sbt#actions_2.12;1.3.10!actions_2.12.jar (155ms)
2020.06.20 15:01:01 INFO  downloading https://repo1.maven.org/maven2/org/scala-sbt/main-settings_2.12/1.3.10/main-settings_2.12-1.3.10.jar ...
2020.06.20 15:01:01 INFO  	[SUCCESSFUL ] org.scala-sbt#main-settings_2.12;1.3.10!main-settings_2.12.jar (246ms)
2020.06.20 15:01:01 INFO  downloading https://repo1.maven.org/maven2/org/scala-sbt/run_2.12/1.3.10/run_2.12-1.3.10.jar ...
2020.06.20 15:01:01 INFO  	[SUCCESSFUL ] org.scala-sbt#run_2.12;1.3.10!run_2.12.jar (128ms)
2020.06.20 15:01:01 INFO  downloading https://repo1.maven.org/maven2/org/scala-sbt/command_2.12/1.3.10/command_2.12-1.3.10.jar ...
2020.06.20 15:01:01 INFO  	[SUCCESSFUL ] org.scala-sbt#command_2.12;1.3.10!command_2.12.jar (189ms)
2020.06.20 15:01:01 INFO  downloading https://repo1.maven.org/maven2/org/scala-sbt/collections_2.12/1.3.10/collections_2.12-1.3.10.jar ...
2020.06.20 15:01:02 INFO  	[SUCCESSFUL ] org.scala-sbt#collections_2.12;1.3.10!collections_2.12.jar (178ms)
2020.06.20 15:01:02 INFO  downloading https://repo1.maven.org/maven2/org/scala-sbt/scripted-sbt-redux_2.12/1.3.10/scripted-sbt-redux_2.12-1.3.10.jar ...
2020.06.20 15:01:02 INFO  	[SUCCESSFUL ] org.scala-sbt#scripted-sbt-redux_2.12;1.3.10!scripted-sbt-redux_2.12.jar (122ms)
2020.06.20 15:01:02 INFO  downloading https://repo1.maven.org/maven2/org/scala-sbt/scripted-plugin_2.12/1.3.10/scripted-plugin_2.12-1.3.10.jar ...
2020.06.20 15:01:02 INFO  	[SUCCESSFUL ] org.scala-sbt#scripted-plugin_2.12;1.3.10!scripted-plugin_2.12.jar (108ms)
2020.06.20 15:01:02 INFO  downloading https://repo1.maven.org/maven2/org/scala-sbt/zinc-lm-integration_2.12/1.3.10/zinc-lm-integration_2.12-1.3.10.jar ...
2020.06.20 15:01:02 INFO  	[SUCCESSFUL ] org.scala-sbt#zinc-lm-integration_2.12;1.3.10!zinc-lm-integration_2.12.jar (119ms)
2020.06.20 15:01:02 INFO  downloading https://repo1.maven.org/maven2/org/scala-sbt/librarymanagement-core_2.12/1.3.2/librarymanagement-core_2.12-1.3.2.jar ...
2020.06.20 15:01:02 INFO  	[SUCCESSFUL ] org.scala-sbt#librarymanagement-core_2.12;1.3.2!librarymanagement-core_2.12.jar (276ms)
2020.06.20 15:01:02 INFO  downloading https://repo1.maven.org/maven2/org/scala-sbt/librarymanagement-ivy_2.12/1.3.2/librarymanagement-ivy_2.12-1.3.2.jar ...
2020.06.20 15:01:02 INFO  	[SUCCESSFUL ] org.scala-sbt#librarymanagement-ivy_2.12;1.3.2!librarymanagement-ivy_2.12.jar (238ms)
2020.06.20 15:01:02 INFO  downloading file:////Users/williamv/.sbt/preloaded/com/eed3si9n/sjson-new-scalajson_2.12/0.8.3/sjson-new-scalajson_2.12-0.8.3.jar ...
2020.06.20 15:01:02 INFO  	[SUCCESSFUL ] com.eed3si9n#sjson-new-scalajson_2.12;0.8.3!sjson-new-scalajson_2.12.jar (10ms)
2020.06.20 15:01:02 INFO  downloading https://repo1.maven.org/maven2/org/scala-sbt/completion_2.12/1.3.10/completion_2.12-1.3.10.jar ...
2020.06.20 15:01:03 INFO  	[SUCCESSFUL ] org.scala-sbt#completion_2.12;1.3.10!completion_2.12.jar (169ms)
2020.06.20 15:01:03 INFO  downloading https://repo1.maven.org/maven2/org/scala-sbt/task-system_2.12/1.3.10/task-system_2.12-1.3.10.jar ...
2020.06.20 15:01:03 INFO  	[SUCCESSFUL ] org.scala-sbt#task-system_2.12;1.3.10!task-system_2.12.jar (134ms)
2020.06.20 15:01:03 INFO  downloading https://repo1.maven.org/maven2/org/scala-sbt/tasks_2.12/1.3.10/tasks_2.12-1.3.10.jar ...
2020.06.20 15:01:03 INFO  	[SUCCESSFUL ] org.scala-sbt#tasks_2.12;1.3.10!tasks_2.12.jar (127ms)
2020.06.20 15:01:03 INFO  downloading https://repo1.maven.org/maven2/org/scala-sbt/testing_2.12/1.3.10/testing_2.12-1.3.10.jar ...
2020.06.20 15:01:03 INFO  	[SUCCESSFUL ] org.scala-sbt#testing_2.12;1.3.10!testing_2.12.jar (152ms)
2020.06.20 15:01:03 INFO  downloading https://repo1.maven.org/maven2/org/scala-sbt/test-agent/1.3.10/test-agent-1.3.10.jar ...
2020.06.20 15:01:03 INFO  	[SUCCESSFUL ] org.scala-sbt#test-agent;1.3.10!test-agent.jar (112ms)
2020.06.20 15:01:03 INFO  downloading https://repo1.maven.org/maven2/org/scala-sbt/core-macros_2.12/1.3.10/core-macros_2.12-1.3.10.jar ...
2020.06.20 15:01:03 INFO  	[SUCCESSFUL ] org.scala-sbt#core-macros_2.12;1.3.10!core-macros_2.12.jar (123ms)
2020.06.20 15:01:03 INFO  downloading https://repo1.maven.org/maven2/org/scala-sbt/protocol_2.12/1.3.10/protocol_2.12-1.3.10.jar ...
2020.06.20 15:01:03 INFO  	[SUCCESSFUL ] org.scala-sbt#protocol_2.12;1.3.10!protocol_2.12.jar (201ms)
2020.06.20 15:01:03 INFO  downloading https://repo1.maven.org/maven2/org/scala-sbt/ivy/ivy/2.3.0-sbt-fa726854dd30be842ff9e6d2093df6adfe3871f5/ivy-2.3.0-sbt-fa726854dd30be842ff9e6d2093df6adfe3871f5.jar ...
2020.06.20 15:01:04 INFO  	[SUCCESSFUL ] org.scala-sbt.ivy#ivy;2.3.0-sbt-fa726854dd30be842ff9e6d2093df6adfe3871f5!ivy.jar (351ms)
2020.06.20 15:01:04 INFO  :: retrieving :: org.scala-sbt#boot-app
2020.06.20 15:01:04 INFO  	confs: [default]
2020.06.20 15:01:04 INFO  	81 artifacts copied, 0 already retrieved (38284kB/140ms)
2020.06.20 15:01:08 INFO  no build target: using presentation compiler with only scala-library
2020.06.20 15:01:09 INFO  [info] Loading global plugins from /Users/williamv/.sbt/1.0/plugins
2020.06.20 15:01:17 INFO  [info] Loading settings for project http4sdemo-build from plugins.sbt,metals.sbt ...
2020.06.20 15:01:17 INFO  [info] Loading project definition from /Users/williamv/Documents/projects/uscis/http4sdemo/project
2020.06.20 15:01:24 INFO  [warn] There may be incompatibilities among your library dependencies; run 'evicted' to see detailed eviction warnings.
2020.06.20 15:01:26 INFO  [info] Loading settings for project root from build.sbt ...
2020.06.20 15:01:26 INFO  [info] Set current project to http4sdemo (in build file:/Users/williamv/Documents/projects/uscis/http4sdemo/)
2020.06.20 15:01:35 INFO  [warn] There may be incompatibilities among your library dependencies; run 'evicted' to see detailed eviction warnings.
2020.06.20 15:01:36 INFO  [warn] There may be incompatibilities among your library dependencies; run 'evicted' to see detailed eviction warnings.
2020.06.20 15:01:36 INFO  [success] Generated .bloop/root-test.json
2020.06.20 15:01:36 INFO  [success] Generated .bloop/root.json
2020.06.20 15:01:36 INFO  [success] Total time: 9 s, completed Jun 20, 2020, 3:01:36 PM
2020.06.20 15:01:36 INFO  build tool exit: 0
2020.06.20 15:01:36 INFO  time: ran 'sbt bloopInstall' in 43s
Starting the bsp launcher for bloop...
Opening a bsp server connection with 'bsp --protocol local --socket /var/folders/r6/cc70_4417gqg169l_vzntt5j0sjhw1/T/bsp-launcher15472676146649585445/bsp.socket'...
Waiting for the bsp connection to come up...
[0m[32m[D][0m Loading 2 projects from '/Users/williamv/Documents/projects/uscis/http4sdemo/.bloop'...
[0m[32m[D][0m Loading project from '/Users/williamv/Documents/projects/uscis/http4sdemo/.bloop/root.json'
[0m[32m[D][0m Loading project from '/Users/williamv/Documents/projects/uscis/http4sdemo/.bloop/root-test.json'
[0m[32m[D][0m Cache miss for scala instance org.scala-lang:scala-compiler:2.13.1.
[0m[32m[D][0m   => /Users/williamv/Library/Caches/Coursier/v1/https/repo1.maven.org/maven2/jline/jline/2.14.6/jline-2.14.6.jar
[0m[32m[D][0m   => /Users/williamv/Library/Caches/Coursier/v1/https/repo1.maven.org/maven2/org/fusesource/jansi/jansi/1.12/jansi-1.12.jar
[0m[32m[D][0m   => /Users/williamv/Library/Caches/Coursier/v1/https/repo1.maven.org/maven2/org/scala-lang/scala-compiler/2.13.1/scala-compiler-2.13.1.jar
[0m[32m[D][0m   => /Users/williamv/Library/Caches/Coursier/v1/https/repo1.maven.org/maven2/org/scala-lang/scala-library/2.13.1/scala-library-2.13.1.jar
[0m[32m[D][0m   => /Users/williamv/Library/Caches/Coursier/v1/https/repo1.maven.org/maven2/org/scala-lang/scala-reflect/2.13.1/scala-reflect-2.13.1.jar
[0m[32m[D][0m Missing analysis file for project 'root-test'
[0m[32m[D][0m Missing analysis file for project 'root'
[0m[32m[D][0m Waiting for a connection at local:///var/folders/r6/cc70_4417gqg169l_vzntt5j0sjhw1/T/bsp-launcher15472676146649585445/bsp.socket...
The server is listening for incoming connections at local:///var/folders/r6/cc70_4417gqg169l_vzntt5j0sjhw1/T/bsp-launcher15472676146649585445/bsp.socket...
Starting thread that pumps stdin and redirects it to the bsp server...
Starting thread that pumps server stdout and redirects it to the client stdout...
2020.06.20 15:01:36 INFO  tracing is disabled for protocol BSP, to enable tracing of incoming and outgoing JSON messages create an empty file at /Users/williamv/Library/Caches/org.scalameta.metals/bsp.trace.json
2020.06.20 15:01:42 ERROR Timeout waiting for 'build/initialize' response
2020.06.20 15:01:42 ERROR Failed to connect with build server, no functionality will work.
java.util.concurrent.TimeoutException
	at java.util.concurrent.CompletableFuture.timedGet(CompletableFuture.java:1886)
	at java.util.concurrent.CompletableFuture.get(CompletableFuture.java:2021)
	at scala.meta.internal.metals.BuildServerConnection$.initialize(BuildServerConnection.scala:304)
	at scala.meta.internal.metals.BuildServerConnection$.$anonfun$fromSockets$1(BuildServerConnection.scala:246)
	at scala.util.Success.$anonfun$map$1(Try.scala:255)
	at scala.util.Success.map(Try.scala:213)
	at scala.concurrent.Future.$anonfun$map$1(Future.scala:292)
	at scala.concurrent.impl.Promise.liftedTree1$1(Promise.scala:33)
	at scala.concurrent.impl.Promise.$anonfun$transform$1(Promise.scala:33)
	at scala.concurrent.impl.CallbackRunnable.run(Promise.scala:64)
	at java.util.concurrent.ThreadPoolExecutor.runWorker(ThreadPoolExecutor.java:1128)
	at java.util.concurrent.ThreadPoolExecutor$Worker.run(ThreadPoolExecutor.java:628)
	at java.lang.Thread.run(Thread.java:834)

2020.06.20 15:04:37 INFO  running '/Library/Java/JavaVirtualMachines/openjdk-11.0.2.jdk/Contents/Home/bin/java -Djline.terminal=jline.UnsupportedTerminal -Dsbt.log.noformat=true -Dfile.encoding=UTF-8 -jar /var/folders/r6/cc70_4417gqg169l_vzntt5j0sjhw1/T/metals13607640903533216023/sbt-launch.jar -Dbloop.export-jar-classifiers=sources bloopInstall'
2020.06.20 15:04:37 ERROR Getting org.scala-sbt sbt 1.3.12  (this may take some time)...
2020.06.20 15:04:44 INFO  downloading https://repo1.maven.org/maven2/org/scala-sbt/sbt/1.3.12/sbt-1.3.12.jar ...
2020.06.20 15:04:44 INFO  	[SUCCESSFUL ] org.scala-sbt#sbt;1.3.12!sbt.jar (165ms)
2020.06.20 15:04:44 INFO  downloading https://repo1.maven.org/maven2/org/scala-sbt/main_2.12/1.3.12/main_2.12-1.3.12.jar ...
2020.06.20 15:04:44 INFO  	[SUCCESSFUL ] org.scala-sbt#main_2.12;1.3.12!main_2.12.jar (680ms)
2020.06.20 15:04:44 INFO  downloading https://repo1.maven.org/maven2/org/scala-sbt/logic_2.12/1.3.12/logic_2.12-1.3.12.jar ...
2020.06.20 15:04:44 INFO  	[SUCCESSFUL ] org.scala-sbt#logic_2.12;1.3.12!logic_2.12.jar (119ms)
2020.06.20 15:04:44 INFO  downloading https://repo1.maven.org/maven2/org/scala-sbt/actions_2.12/1.3.12/actions_2.12-1.3.12.jar ...
2020.06.20 15:04:45 INFO  	[SUCCESSFUL ] org.scala-sbt#actions_2.12;1.3.12!actions_2.12.jar (154ms)
2020.06.20 15:04:45 INFO  downloading https://repo1.maven.org/maven2/org/scala-sbt/main-settings_2.12/1.3.12/main-settings_2.12-1.3.12.jar ...
2020.06.20 15:04:45 INFO  	[SUCCESSFUL ] org.scala-sbt#main-settings_2.12;1.3.12!main-settings_2.12.jar (246ms)
2020.06.20 15:04:45 INFO  downloading https://repo1.maven.org/maven2/org/scala-sbt/run_2.12/1.3.12/run_2.12-1.3.12.jar ...
2020.06.20 15:04:45 INFO  	[SUCCESSFUL ] org.scala-sbt#run_2.12;1.3.12!run_2.12.jar (124ms)
2020.06.20 15:04:45 INFO  downloading https://repo1.maven.org/maven2/org/scala-sbt/command_2.12/1.3.12/command_2.12-1.3.12.jar ...
2020.06.20 15:04:45 INFO  	[SUCCESSFUL ] org.scala-sbt#command_2.12;1.3.12!command_2.12.jar (190ms)
2020.06.20 15:04:45 INFO  downloading https://repo1.maven.org/maven2/org/scala-sbt/collections_2.12/1.3.12/collections_2.12-1.3.12.jar ...
2020.06.20 15:04:45 INFO  	[SUCCESSFUL ] org.scala-sbt#collections_2.12;1.3.12!collections_2.12.jar (177ms)
2020.06.20 15:04:45 INFO  downloading https://repo1.maven.org/maven2/org/scala-sbt/scripted-sbt-redux_2.12/1.3.12/scripted-sbt-redux_2.12-1.3.12.jar ...
2020.06.20 15:04:45 INFO  	[SUCCESSFUL ] org.scala-sbt#scripted-sbt-redux_2.12;1.3.12!scripted-sbt-redux_2.12.jar (131ms)
2020.06.20 15:04:45 INFO  downloading https://repo1.maven.org/maven2/org/scala-sbt/scripted-plugin_2.12/1.3.12/scripted-plugin_2.12-1.3.12.jar ...
2020.06.20 15:04:45 INFO  	[SUCCESSFUL ] org.scala-sbt#scripted-plugin_2.12;1.3.12!scripted-plugin_2.12.jar (106ms)
2020.06.20 15:04:45 INFO  downloading https://repo1.maven.org/maven2/org/scala-sbt/zinc-lm-integration_2.12/1.3.12/zinc-lm-integration_2.12-1.3.12.jar ...
2020.06.20 15:04:46 INFO  	[SUCCESSFUL ] org.scala-sbt#zinc-lm-integration_2.12;1.3.12!zinc-lm-integration_2.12.jar (125ms)
2020.06.20 15:04:46 INFO  downloading https://repo1.maven.org/maven2/org/scala-sbt/launcher-interface/1.1.4/launcher-interface-1.1.4.jar ...
2020.06.20 15:04:46 INFO  	[SUCCESSFUL ] org.scala-sbt#launcher-interface;1.1.4!launcher-interface.jar (106ms)
2020.06.20 15:04:46 INFO  downloading https://repo1.maven.org/maven2/io/get-coursier/lm-coursier-shaded_2.12/2.0.0-RC6-4/lm-coursier-shaded_2.12-2.0.0-RC6-4.jar ...
2020.06.20 15:04:48 INFO  	[SUCCESSFUL ] io.get-coursier#lm-coursier-shaded_2.12;2.0.0-RC6-4!lm-coursier-shaded_2.12.jar (1703ms)
2020.06.20 15:04:48 INFO  downloading https://repo1.maven.org/maven2/org/scala-sbt/librarymanagement-core_2.12/1.3.3/librarymanagement-core_2.12-1.3.3.jar ...
2020.06.20 15:04:48 INFO  	[SUCCESSFUL ] org.scala-sbt#librarymanagement-core_2.12;1.3.3!librarymanagement-core_2.12.jar (293ms)
2020.06.20 15:04:48 INFO  downloading https://repo1.maven.org/maven2/org/scala-sbt/librarymanagement-ivy_2.12/1.3.3/librarymanagement-ivy_2.12-1.3.3.jar ...
2020.06.20 15:04:48 INFO  	[SUCCESSFUL ] org.scala-sbt#librarymanagement-ivy_2.12;1.3.3!librarymanagement-ivy_2.12.jar (243ms)
2020.06.20 15:04:48 INFO  downloading https://repo1.maven.org/maven2/org/scala-sbt/completion_2.12/1.3.12/completion_2.12-1.3.12.jar ...
2020.06.20 15:04:48 INFO  	[SUCCESSFUL ] org.scala-sbt#completion_2.12;1.3.12!completion_2.12.jar (164ms)
2020.06.20 15:04:48 INFO  downloading https://repo1.maven.org/maven2/org/scala-sbt/task-system_2.12/1.3.12/task-system_2.12-1.3.12.jar ...
2020.06.20 15:04:48 INFO  	[SUCCESSFUL ] org.scala-sbt#task-system_2.12;1.3.12!task-system_2.12.jar (131ms)
2020.06.20 15:04:48 INFO  downloading https://repo1.maven.org/maven2/org/scala-sbt/tasks_2.12/1.3.12/tasks_2.12-1.3.12.jar ...
2020.06.20 15:04:48 INFO  	[SUCCESSFUL ] org.scala-sbt#tasks_2.12;1.3.12!tasks_2.12.jar (126ms)
2020.06.20 15:04:48 INFO  downloading https://repo1.maven.org/maven2/org/scala-sbt/testing_2.12/1.3.12/testing_2.12-1.3.12.jar ...
2020.06.20 15:04:49 INFO  	[SUCCESSFUL ] org.scala-sbt#testing_2.12;1.3.12!testing_2.12.jar (152ms)
2020.06.20 15:04:49 INFO  downloading https://repo1.maven.org/maven2/org/scala-sbt/test-agent/1.3.12/test-agent-1.3.12.jar ...
2020.06.20 15:04:49 INFO  	[SUCCESSFUL ] org.scala-sbt#test-agent;1.3.12!test-agent.jar (117ms)
2020.06.20 15:04:49 INFO  downloading https://repo1.maven.org/maven2/org/scala-sbt/core-macros_2.12/1.3.12/core-macros_2.12-1.3.12.jar ...
2020.06.20 15:04:49 INFO  	[SUCCESSFUL ] org.scala-sbt#core-macros_2.12;1.3.12!core-macros_2.12.jar (126ms)
2020.06.20 15:04:49 INFO  downloading https://repo1.maven.org/maven2/org/scala-sbt/protocol_2.12/1.3.12/protocol_2.12-1.3.12.jar ...
2020.06.20 15:04:49 INFO  	[SUCCESSFUL ] org.scala-sbt#protocol_2.12;1.3.12!protocol_2.12.jar (218ms)
2020.06.20 15:04:49 INFO  downloading https://repo1.maven.org/maven2/org/scala-sbt/ivy/ivy/2.3.0-sbt-839fad1cdc07cf6fc81364d74c323867230432ad/ivy-2.3.0-sbt-839fad1cdc07cf6fc81364d74c323867230432ad.jar ...
2020.06.20 15:04:49 INFO  	[SUCCESSFUL ] org.scala-sbt.ivy#ivy;2.3.0-sbt-839fad1cdc07cf6fc81364d74c323867230432ad!ivy.jar (357ms)
2020.06.20 15:04:49 INFO  :: retrieving :: org.scala-sbt#boot-app
2020.06.20 15:04:49 INFO  	confs: [default]
2020.06.20 15:04:50 INFO  	81 artifacts copied, 0 already retrieved (38299kB/191ms)
2020.06.20 15:04:53 INFO  [info] welcome to sbt 1.3.12 (Oracle Corporation Java 11.0.2)
2020.06.20 15:04:56 INFO  [info] loading global plugins from /Users/williamv/.sbt/1.0/plugins
2020.06.20 15:05:10 INFO  [info] loading settings for project http4sdemo-build from plugins.sbt,metals.sbt ...
2020.06.20 15:05:10 INFO  [info] loading project definition from /Users/williamv/Documents/projects/uscis/http4sdemo/project
2020.06.20 15:05:12 INFO  [warn] There may be incompatibilities among your library dependencies; run 'evicted' to see detailed eviction warnings.
2020.06.20 15:05:16 INFO  [info] loading settings for project root from build.sbt ...
2020.06.20 15:05:16 INFO  [info] set current project to http4sdemo (in build file:/Users/williamv/Documents/projects/uscis/http4sdemo/)
2020.06.20 15:05:24 INFO  [warn] There may be incompatibilities among your library dependencies; run 'evicted' to see detailed eviction warnings.
2020.06.20 15:05:26 INFO  [warn] There may be incompatibilities among your library dependencies; run 'evicted' to see detailed eviction warnings.
2020.06.20 15:05:26 INFO  [success] Generated .bloop/root-test.json
2020.06.20 15:05:26 INFO  [success] Generated .bloop/root.json
2020.06.20 15:05:26 INFO  [success] Total time: 9 s, completed Jun 20, 2020, 3:05:27 PM
2020.06.20 15:05:26 INFO  build tool exit: 0
2020.06.20 15:05:27 INFO  time: ran 'sbt bloopInstall' in 50s
Starting the bsp launcher for bloop...
Opening a bsp server connection with 'bsp --protocol local --socket /var/folders/r6/cc70_4417gqg169l_vzntt5j0sjhw1/T/bsp-launcher10455826490943195102/bsp.socket'...
Waiting for the bsp connection to come up...
Waiting for the bsp connection to come up...
Waiting for the bsp connection to come up...
Waiting for the bsp connection to come up...
Waiting for the bsp connection to come up...
[0m[32m[D][0m Loading workspace settings from bloop.settings.json
[0m[32m[D][0m Loading 2 projects from '/Users/williamv/Documents/projects/uscis/http4sdemo/.bloop'...
[0m[32m[D][0m Loading project from '/Users/williamv/Documents/projects/uscis/http4sdemo/.bloop/root.json'
[0m[32m[D][0m Loading project from '/Users/williamv/Documents/projects/uscis/http4sdemo/.bloop/root-test.json'
[0m[32m[D][0m Cache miss for scala instance org.scala-lang:scala-compiler:2.13.2.
[0m[32m[D][0m   => /Users/williamv/Library/Caches/Coursier/v1/https/repo1.maven.org/maven2/net/java/dev/jna/jna/5.3.1/jna-5.3.1.jar
[0m[32m[D][0m   => /Users/williamv/Library/Caches/Coursier/v1/https/repo1.maven.org/maven2/org/jline/jline/3.14.1/jline-3.14.1.jar
[0m[32m[D][0m   => /Users/williamv/Library/Caches/Coursier/v1/https/repo1.maven.org/maven2/org/scala-lang/scala-compiler/2.13.2/scala-compiler-2.13.2.jar
[0m[32m[D][0m   => /Users/williamv/Library/Caches/Coursier/v1/https/repo1.maven.org/maven2/org/scala-lang/scala-library/2.13.2/scala-library-2.13.2.jar
[0m[32m[D][0m   => /Users/williamv/Library/Caches/Coursier/v1/https/repo1.maven.org/maven2/org/scala-lang/scala-reflect/2.13.2/scala-reflect-2.13.2.jar
[0m[32m[D][0m Resolving org.scalameta:semanticdb-scalac_2.13.2:4.3.10
[0m[32m[D][0m Configured SemanticDB in projects 'root-test', 'root'
[0m[32m[D][0m Waiting for a connection at local:///var/folders/r6/cc70_4417gqg169l_vzntt5j0sjhw1/T/bsp-launcher10455826490943195102/bsp.socket...
The server is listening for incoming connections at local:///var/folders/r6/cc70_4417gqg169l_vzntt5j0sjhw1/T/bsp-launcher10455826490943195102/bsp.socket...
Starting thread that pumps stdin and redirects it to the bsp server...
Starting thread that pumps server stdout and redirects it to the client stdout...
2020.06.20 15:05:31 INFO  tracing is disabled for protocol BSP, to enable tracing of incoming and outgoing JSON messages create an empty file at /Users/williamv/Library/Caches/org.scalameta.metals/bsp.trace.json
2020.06.20 15:05:31 INFO  time: connected to build server in 4.33s
2020.06.20 15:05:31 INFO  Connected to Build server v1.4.0-RC1-229-b7c15aa9
2020.06.20 15:05:43 INFO  time: indexed workspace in 12s
2020.06.20 15:21:39 INFO  running '/Library/Java/JavaVirtualMachines/openjdk-11.0.2.jdk/Contents/Home/bin/java -Djline.terminal=jline.UnsupportedTerminal -Dsbt.log.noformat=true -Dfile.encoding=UTF-8 -jar /var/folders/r6/cc70_4417gqg169l_vzntt5j0sjhw1/T/metals7562024530592926277/sbt-launch.jar -Dbloop.export-jar-classifiers=sources bloopInstall'
2020.06.20 15:21:42 INFO  [info] welcome to sbt 1.3.12 (Oracle Corporation Java 11.0.2)
2020.06.20 15:21:45 INFO  [info] loading global plugins from /Users/williamv/.sbt/1.0/plugins
2020.06.20 15:21:46 INFO  [info] loading settings for project http4sdemo-build from plugins.sbt,metals.sbt ...
2020.06.20 15:21:46 INFO  [info] loading project definition from /Users/williamv/Documents/projects/uscis/http4sdemo/project
2020.06.20 15:21:50 INFO  [info] loading settings for project root from build.sbt ...
2020.06.20 15:21:50 INFO  [info] set current project to http4sdemo (in build file:/Users/williamv/Documents/projects/uscis/http4sdemo/)
2020.06.20 15:21:55 INFO  [warn] There may be incompatibilities among your library dependencies; run 'evicted' to see detailed eviction warnings.
2020.06.20 15:21:55 INFO  [warn] There may be incompatibilities among your library dependencies; run 'evicted' to see detailed eviction warnings.
2020.06.20 15:21:55 INFO  [success] Generated .bloop/root-test.json
2020.06.20 15:21:55 INFO  [success] Generated .bloop/root.json
2020.06.20 15:21:56 INFO  [success] Total time: 5 s, completed Jun 20, 2020, 3:21:56 PM
2020.06.20 15:21:56 INFO  build tool exit: 0
2020.06.20 15:21:57 INFO  time: ran 'sbt bloopInstall' in 17s
2020.06.20 15:21:57 INFO  disconnected: build server
No more data in the client stdin, exiting...
Starting the bsp launcher for bloop...
Opening a bsp server connection with 'bsp --protocol local --socket /var/folders/r6/cc70_4417gqg169l_vzntt5j0sjhw1/T/bsp-launcher5287047425775115896/bsp.socket'...
Waiting for the bsp connection to come up...
No more data in the server stdin, exiting...
No more data in the server stdin, exiting...
[0m[32m[D][0m Loading workspace settings from bloop.settings.json
[0m[32m[D][0m Loading 1 projects from '/Users/williamv/Documents/projects/uscis/http4sdemo/.bloop'...
[0m[32m[D][0m Loading project from '/Users/williamv/Documents/projects/uscis/http4sdemo/.bloop/root-test.json'
[0m[32m[D][0m Configured SemanticDB in projects 'root-test'
[0m[32m[D][0m Waiting for a connection at local:///var/folders/r6/cc70_4417gqg169l_vzntt5j0sjhw1/T/bsp-launcher5287047425775115896/bsp.socket...
The server is listening for incoming connections at local:///var/folders/r6/cc70_4417gqg169l_vzntt5j0sjhw1/T/bsp-launcher5287047425775115896/bsp.socket...
Starting thread that pumps stdin and redirects it to the bsp server...
Starting thread that pumps server stdout and redirects it to the client stdout...
2020.06.20 15:21:57 INFO  tracing is disabled for protocol BSP, to enable tracing of incoming and outgoing JSON messages create an empty file at /Users/williamv/Library/Caches/org.scalameta.metals/bsp.trace.json
2020.06.20 15:21:57 INFO  Connected to Build server v1.4.0-RC1-229-b7c15aa9
2020.06.20 15:21:58 INFO  time: indexed workspace in 1.49s
2020.06.20 15:24:56 INFO  running '/Library/Java/JavaVirtualMachines/openjdk-11.0.2.jdk/Contents/Home/bin/java -Djline.terminal=jline.UnsupportedTerminal -Dsbt.log.noformat=true -Dfile.encoding=UTF-8 -jar /var/folders/r6/cc70_4417gqg169l_vzntt5j0sjhw1/T/metals14055252419801035900/sbt-launch.jar -Dbloop.export-jar-classifiers=sources bloopInstall'
2020.06.20 15:24:59 INFO  [info] welcome to sbt 1.3.12 (Oracle Corporation Java 11.0.2)
2020.06.20 15:25:02 INFO  [info] loading global plugins from /Users/williamv/.sbt/1.0/plugins
2020.06.20 15:25:03 INFO  [info] loading settings for project http4sdemo-build from plugins.sbt,metals.sbt ...
2020.06.20 15:25:03 INFO  [info] loading project definition from /Users/williamv/Documents/projects/uscis/http4sdemo/project
2020.06.20 15:25:09 INFO  [info] loading settings for project root from build.sbt ...
2020.06.20 15:25:09 INFO  [info] set current project to http4sdemo (in build file:/Users/williamv/Documents/projects/uscis/http4sdemo/)
2020.06.20 15:25:13 INFO  [warn] 
2020.06.20 15:25:13 INFO  [warn] 	Note: Unresolved dependencies path:
2020.06.20 15:25:13 INFO  [error] sbt.librarymanagement.ResolveException: Error downloading org.typelevel:kind-projector_2.13:0.11.0
2020.06.20 15:25:13 INFO  [error]   Not found
2020.06.20 15:25:13 INFO  [error]   Not found
2020.06.20 15:25:13 INFO  [error]   not found: /Users/williamv/.ivy2/local/org.typelevel/kind-projector_2.13/0.11.0/ivys/ivy.xml
2020.06.20 15:25:13 INFO  [error]   not found: https://repo1.maven.org/maven2/org/typelevel/kind-projector_2.13/0.11.0/kind-projector_2.13-0.11.0.pom
2020.06.20 15:25:13 INFO  [error] 	at lmcoursier.CoursierDependencyResolution.unresolvedWarningOrThrow(CoursierDependencyResolution.scala:249)
2020.06.20 15:25:13 INFO  [error] 	at lmcoursier.CoursierDependencyResolution.$anonfun$update$35(CoursierDependencyResolution.scala:218)
2020.06.20 15:25:13 INFO  [error] 	at scala.util.Either$LeftProjection.map(Either.scala:573)
2020.06.20 15:25:13 INFO  [error] 	at lmcoursier.CoursierDependencyResolution.update(CoursierDependencyResolution.scala:218)
2020.06.20 15:25:13 INFO  [error] 	at sbt.librarymanagement.DependencyResolution.update(DependencyResolution.scala:60)
2020.06.20 15:25:13 INFO  [error] 	at sbt.internal.LibraryManagement$.resolve$1(LibraryManagement.scala:52)
2020.06.20 15:25:13 INFO  [error] 	at sbt.internal.LibraryManagement$.$anonfun$cachedUpdate$12(LibraryManagement.scala:102)
2020.06.20 15:25:13 INFO  [error] 	at sbt.util.Tracked$.$anonfun$lastOutput$1(Tracked.scala:69)
2020.06.20 15:25:13 INFO  [error] 	at sbt.internal.LibraryManagement$.$anonfun$cachedUpdate$20(LibraryManagement.scala:115)
2020.06.20 15:25:13 INFO  [error] 	at scala.util.control.Exception$Catch.apply(Exception.scala:228)
2020.06.20 15:25:13 INFO  [error] 	at sbt.internal.LibraryManagement$.$anonfun$cachedUpdate$11(LibraryManagement.scala:115)
2020.06.20 15:25:13 INFO  [error] 	at sbt.internal.LibraryManagement$.$anonfun$cachedUpdate$11$adapted(LibraryManagement.scala:96)
2020.06.20 15:25:13 INFO  [error] 	at sbt.util.Tracked$.$anonfun$inputChanged$1(Tracked.scala:150)
2020.06.20 15:25:13 INFO  [error] 	at sbt.internal.LibraryManagement$.cachedUpdate(LibraryManagement.scala:129)
2020.06.20 15:25:13 INFO  [error] 	at sbt.Classpaths$.$anonfun$updateTask0$5(Defaults.scala:2950)
2020.06.20 15:25:13 INFO  [error] 	at scala.Function1.$anonfun$compose$1(Function1.scala:49)
2020.06.20 15:25:13 INFO  [error] 	at sbt.internal.util.$tilde$greater.$anonfun$$u2219$1(TypeFunctions.scala:62)
2020.06.20 15:25:13 INFO  [error] 	at sbt.std.Transform$$anon$4.work(Transform.scala:67)
2020.06.20 15:25:13 INFO  [error] 	at sbt.Execute.$anonfun$submit$2(Execute.scala:281)
2020.06.20 15:25:13 INFO  [error] 	at sbt.internal.util.ErrorHandling$.wideConvert(ErrorHandling.scala:19)
2020.06.20 15:25:13 INFO  [error] 	at sbt.Execute.work(Execute.scala:290)
2020.06.20 15:25:13 INFO  [error] 	at sbt.Execute.$anonfun$submit$1(Execute.scala:281)
2020.06.20 15:25:13 INFO  [error] 	at sbt.ConcurrentRestrictions$$anon$4.$anonfun$submitValid$1(ConcurrentRestrictions.scala:178)
2020.06.20 15:25:13 INFO  [error] 	at sbt.CompletionService$$anon$2.call(CompletionService.scala:37)
2020.06.20 15:25:13 INFO  [error] 	at java.base/java.util.concurrent.FutureTask.run(FutureTask.java:264)
2020.06.20 15:25:13 INFO  [error] 	at java.base/java.util.concurrent.Executors$RunnableAdapter.call(Executors.java:515)
2020.06.20 15:25:13 INFO  [error] 	at java.base/java.util.concurrent.FutureTask.run(FutureTask.java:264)
2020.06.20 15:25:13 INFO  [error] 	at java.base/java.util.concurrent.ThreadPoolExecutor.runWorker(ThreadPoolExecutor.java:1128)
2020.06.20 15:25:13 INFO  [error] 	at java.base/java.util.concurrent.ThreadPoolExecutor$Worker.run(ThreadPoolExecutor.java:628)
2020.06.20 15:25:13 INFO  [error] 	at java.base/java.lang.Thread.run(Thread.java:834)
2020.06.20 15:25:13 INFO  [error] (update) sbt.librarymanagement.ResolveException: Error downloading org.typelevel:kind-projector_2.13:0.11.0
2020.06.20 15:25:13 INFO  [error]   Not found
2020.06.20 15:25:13 INFO  [error]   Not found
2020.06.20 15:25:13 INFO  [error]   not found: /Users/williamv/.ivy2/local/org.typelevel/kind-projector_2.13/0.11.0/ivys/ivy.xml
2020.06.20 15:25:13 INFO  [error]   not found: https://repo1.maven.org/maven2/org/typelevel/kind-projector_2.13/0.11.0/kind-projector_2.13-0.11.0.pom
2020.06.20 15:25:13 INFO  [error] Total time: 2 s, completed Jun 20, 2020, 3:25:13 PM
2020.06.20 15:25:13 INFO  build tool exit: 1
2020.06.20 15:25:13 INFO  time: ran 'sbt bloopInstall' in 17s
2020.06.20 15:25:13 ERROR sbt command failed: /Library/Java/JavaVirtualMachines/openjdk-11.0.2.jdk/Contents/Home/bin/java -Djline.terminal=jline.UnsupportedTerminal -Dsbt.log.noformat=true -Dfile.encoding=UTF-8 -jar /var/folders/r6/cc70_4417gqg169l_vzntt5j0sjhw1/T/metals14055252419801035900/sbt-launch.jar -Dbloop.export-jar-classifiers=sources bloopInstall
2020.06.20 15:25:13 INFO  disconnected: build server
No more data in the client stdin, exiting...
Starting the bsp launcher for bloop...
No more data in the server stdin, exiting...
No more data in the server stdin, exiting...
Opening a bsp server connection with 'bsp --protocol local --socket /var/folders/r6/cc70_4417gqg169l_vzntt5j0sjhw1/T/bsp-launcher2869397245963148003/bsp.socket'...
Waiting for the bsp connection to come up...
[0m[32m[D][0m Loading workspace settings from bloop.settings.json
[0m[32m[D][0m Waiting for a connection at local:///var/folders/r6/cc70_4417gqg169l_vzntt5j0sjhw1/T/bsp-launcher2869397245963148003/bsp.socket...
The server is listening for incoming connections at local:///var/folders/r6/cc70_4417gqg169l_vzntt5j0sjhw1/T/bsp-launcher2869397245963148003/bsp.socket...
Starting thread that pumps stdin and redirects it to the bsp server...
Starting thread that pumps server stdout and redirects it to the client stdout...
2020.06.20 15:25:13 INFO  tracing is disabled for protocol BSP, to enable tracing of incoming and outgoing JSON messages create an empty file at /Users/williamv/Library/Caches/org.scalameta.metals/bsp.trace.json
2020.06.20 15:25:13 INFO  Connected to Build server v1.4.0-RC1-229-b7c15aa9
2020.06.20 15:25:15 INFO  time: indexed workspace in 1.36s
2020.06.20 15:27:57 INFO  running '/Library/Java/JavaVirtualMachines/openjdk-11.0.2.jdk/Contents/Home/bin/java -Djline.terminal=jline.UnsupportedTerminal -Dsbt.log.noformat=true -Dfile.encoding=UTF-8 -jar /var/folders/r6/cc70_4417gqg169l_vzntt5j0sjhw1/T/metals15235384973603642081/sbt-launch.jar -Dbloop.export-jar-classifiers=sources bloopInstall'
2020.06.20 15:28:01 INFO  [info] welcome to sbt 1.3.12 (Oracle Corporation Java 11.0.2)
2020.06.20 15:28:03 INFO  [info] loading global plugins from /Users/williamv/.sbt/1.0/plugins
2020.06.20 15:28:04 INFO  [info] loading settings for project http4sdemo-build from plugins.sbt,metals.sbt ...
2020.06.20 15:28:04 INFO  [info] loading project definition from /Users/williamv/Documents/projects/uscis/http4sdemo/project
2020.06.20 15:28:09 INFO  [info] loading settings for project root from build.sbt ...
2020.06.20 15:28:09 INFO  [info] set current project to http4sdemo (in build file:/Users/williamv/Documents/projects/uscis/http4sdemo/)
2020.06.20 15:28:10 INFO  [success] Generated .bloop/root-test.json
2020.06.20 15:28:10 INFO  [success] Generated .bloop/root.json
2020.06.20 15:28:10 INFO  [success] Total time: 1 s, completed Jun 20, 2020, 3:28:10 PM
2020.06.20 15:28:10 INFO  build tool exit: 0
2020.06.20 15:28:10 INFO  time: ran 'sbt bloopInstall' in 13s
2020.06.20 15:28:10 INFO  disconnected: build server
No more data in the client stdin, exiting...
Starting the bsp launcher for bloop...
Opening a bsp server connection with 'bsp --protocol local --socket /var/folders/r6/cc70_4417gqg169l_vzntt5j0sjhw1/T/bsp-launcher11637627800324391617/bsp.socket'...
Waiting for the bsp connection to come up...
No more data in the server stdin, exiting...
No more data in the server stdin, exiting...
[0m[32m[D][0m Loading workspace settings from bloop.settings.json
[0m[32m[D][0m Waiting for a connection at local:///var/folders/r6/cc70_4417gqg169l_vzntt5j0sjhw1/T/bsp-launcher11637627800324391617/bsp.socket...
The server is listening for incoming connections at local:///var/folders/r6/cc70_4417gqg169l_vzntt5j0sjhw1/T/bsp-launcher11637627800324391617/bsp.socket...
Starting thread that pumps stdin and redirects it to the bsp server...
Starting thread that pumps server stdout and redirects it to the client stdout...
2020.06.20 15:28:10 INFO  tracing is disabled for protocol BSP, to enable tracing of incoming and outgoing JSON messages create an empty file at /Users/williamv/Library/Caches/org.scalameta.metals/bsp.trace.json
2020.06.20 15:28:10 INFO  Connected to Build server v1.4.0-RC1-229-b7c15aa9
2020.06.20 15:28:12 INFO  time: indexed workspace in 1.27s
2020.06.20 15:31:45 INFO  running '/Library/Java/JavaVirtualMachines/openjdk-11.0.2.jdk/Contents/Home/bin/java -Djline.terminal=jline.UnsupportedTerminal -Dsbt.log.noformat=true -Dfile.encoding=UTF-8 -jar /var/folders/r6/cc70_4417gqg169l_vzntt5j0sjhw1/T/metals9653250809756592311/sbt-launch.jar -Dbloop.export-jar-classifiers=sources bloopInstall'
2020.06.20 15:31:48 INFO  [info] welcome to sbt 1.3.12 (Oracle Corporation Java 11.0.2)
2020.06.20 15:31:50 INFO  [info] loading global plugins from /Users/williamv/.sbt/1.0/plugins
2020.06.20 15:31:54 INFO  [info] loading settings for project http4sdemo-build from plugins.sbt,metals.sbt ...
2020.06.20 15:31:54 INFO  [info] loading project definition from /Users/williamv/Documents/projects/uscis/http4sdemo/project
2020.06.20 15:31:58 INFO  [warn] There may be incompatibilities among your library dependencies; run 'evicted' to see detailed eviction warnings.
2020.06.20 15:32:01 INFO  [info] loading settings for project root from build.sbt ...
2020.06.20 15:32:01 INFO  [info] set current project to http4sdemo (in build file:/Users/williamv/Documents/projects/uscis/http4sdemo/)
2020.06.20 15:32:03 INFO  [success] Generated .bloop/root-test.json
2020.06.20 15:32:03 INFO  [success] Generated .bloop/root.json
2020.06.20 15:32:03 INFO  [success] Total time: 1 s, completed Jun 20, 2020, 3:32:03 PM
2020.06.20 15:32:03 INFO  build tool exit: 0
2020.06.20 15:32:03 INFO  time: ran 'sbt bloopInstall' in 17s
2020.06.20 15:32:03 INFO  disconnected: build server
No more data in the client stdin, exiting...
No more data in the server stdin, exiting...
No more data in the server stdin, exiting...
Starting the bsp launcher for bloop...
Opening a bsp server connection with 'bsp --protocol local --socket /var/folders/r6/cc70_4417gqg169l_vzntt5j0sjhw1/T/bsp-launcher10750777355553584407/bsp.socket'...
Waiting for the bsp connection to come up...
[0m[32m[D][0m Loading workspace settings from bloop.settings.json
[0m[32m[D][0m Loading 2 projects from '/Users/williamv/Documents/projects/uscis/http4sdemo/.bloop'...
[0m[32m[D][0m Loading project from '/Users/williamv/Documents/projects/uscis/http4sdemo/.bloop/root.json'
[0m[32m[D][0m Loading project from '/Users/williamv/Documents/projects/uscis/http4sdemo/.bloop/root-test.json'
[0m[32m[D][0m Configured SemanticDB in projects 'root', 'root-test'
[0m[32m[D][0m Waiting for a connection at local:///var/folders/r6/cc70_4417gqg169l_vzntt5j0sjhw1/T/bsp-launcher10750777355553584407/bsp.socket...
The server is listening for incoming connections at local:///var/folders/r6/cc70_4417gqg169l_vzntt5j0sjhw1/T/bsp-launcher10750777355553584407/bsp.socket...
Starting thread that pumps stdin and redirects it to the bsp server...
Starting thread that pumps server stdout and redirects it to the client stdout...
2020.06.20 15:32:03 INFO  tracing is disabled for protocol BSP, to enable tracing of incoming and outgoing JSON messages create an empty file at /Users/williamv/Library/Caches/org.scalameta.metals/bsp.trace.json
2020.06.20 15:32:03 INFO  Connected to Build server v1.4.0-RC1-229-b7c15aa9
2020.06.20 15:32:04 INFO  time: indexed workspace in 1.13s
2020.06.20 15:53:18 INFO  compiling root (5 scala sources)
bad option: '-Yno-adapted-args'
Jun 20, 2020 3:53:19 PM scala.meta.internal.pc.ScalaPresentationCompiler newCompiler
WARNING: Unknown compiler options: -Yno-adapted-args, -Ywarn-dead-code, -Ywarn-inaccessible, -Ywarn-nullary-override, -Ywarn-nullary-unit, -Ywarn-numeric-widen, -Ywarn-value-discard, -Xlint:constant, -Ywarn-unused:implicits, -Ywarn-unused:imports, -Ywarn-unused:locals, -Ywarn-unused:params, -Ywarn-unused:patvars, -Ywarn-unused:privates, -Ywarn-extra-implicit, -Xlint:adapted-args, -Xlint:by-name-right-associative, -Xlint:delayedinit-select, -Xlint:doc-detached, -Xlint:inaccessible, -Xlint:infer-any, -Xlint:missing-interpolator, -Xlint:nullary-override, -Xlint:nullary-unit, -Xlint:option-implicit, -Xlint:package-object-classes, -Xlint:poly-implicit-overload, -Xlint:private-shadow, -Xlint:stars-align, -Xlint:type-parameter-shadow, -Xlint:unsound-match, -Ywarn-infer-any, -Ypartial-unification, UTF-8, -language:postfixOps, -Xplugin:/Users/williamv/Library/Caches/Coursier/v1/https/repo1.maven.org/maven2/org/typelevel/kind-projector_2.13/0.10.3/kind-projector_2.13-0.10.3.jar, -Xplugin:/Users/williamv/Library/Caches/Coursier/v1/https/repo1.maven.org/maven2/com/olegpy/better-monadic-for_2.13/0.3.1/better-monadic-for_2.13-0.3.1.jar, -Yrangepos, -Xplugin-require:semanticdb
2020.06.20 15:53:22 INFO  Deduplicating compilation of root from bsp client 'Metals 0.9.0' (since 21m 19.579s)
2020.06.20 15:53:22 INFO  compiling root (5 scala sources)
2020.06.20 15:53:26 ERROR bad option: '-Yno-adapted-args'
2020.06.20 15:53:26 ERROR bad option: '-Yno-adapted-args'
2020.06.20 15:53:26 INFO  time: compiled root in 3.99s
bad option: '-Yno-adapted-args'
Jun 20, 2020 3:53:27 PM scala.meta.internal.pc.ScalaPresentationCompiler newCompiler
WARNING: Unknown compiler options: -Yno-adapted-args, -Ywarn-dead-code, -Ywarn-inaccessible, -Ywarn-nullary-override, -Ywarn-nullary-unit, -Ywarn-numeric-widen, -Ywarn-value-discard, -Xlint:constant, -Ywarn-unused:implicits, -Ywarn-unused:imports, -Ywarn-unused:locals, -Ywarn-unused:params, -Ywarn-unused:patvars, -Ywarn-unused:privates, -Ywarn-extra-implicit, -Xlint:adapted-args, -Xlint:by-name-right-associative, -Xlint:delayedinit-select, -Xlint:doc-detached, -Xlint:inaccessible, -Xlint:infer-any, -Xlint:missing-interpolator, -Xlint:nullary-override, -Xlint:nullary-unit, -Xlint:option-implicit, -Xlint:package-object-classes, -Xlint:poly-implicit-overload, -Xlint:private-shadow, -Xlint:stars-align, -Xlint:type-parameter-shadow, -Xlint:unsound-match, -Ywarn-infer-any, -Ypartial-unification, UTF-8, -language:postfixOps, -Xplugin:/Users/williamv/Library/Caches/Coursier/v1/https/repo1.maven.org/maven2/org/typelevel/kind-projector_2.13/0.10.3/kind-projector_2.13-0.10.3.jar, -Xplugin:/Users/williamv/Library/Caches/Coursier/v1/https/repo1.maven.org/maven2/com/olegpy/better-monadic-for_2.13/0.3.1/better-monadic-for_2.13-0.3.1.jar, -Yrangepos, -Xplugin-require:semanticdb
2020.06.20 15:53:26 INFO  compiling root (5 scala sources)
2020.06.20 15:53:26 ERROR bad option: '-Yno-adapted-args'
2020.06.20 15:53:26 INFO  time: compiled root in 14ms
2020.06.20 15:53:57 INFO  compiling root (5 scala sources)
2020.06.20 15:53:57 ERROR bad option: '-Yno-adapted-args'
2020.06.20 15:53:57 INFO  time: compiled root in 18ms
bad option: '-Yno-adapted-args'
Jun 20, 2020 3:54:01 PM scala.meta.internal.pc.ScalaPresentationCompiler newCompiler
WARNING: Unknown compiler options: -Yno-adapted-args, -Ywarn-dead-code, -Ywarn-inaccessible, -Ywarn-nullary-override, -Ywarn-nullary-unit, -Ywarn-numeric-widen, -Ywarn-value-discard, -Xlint:constant, -Ywarn-unused:implicits, -Ywarn-unused:imports, -Ywarn-unused:locals, -Ywarn-unused:params, -Ywarn-unused:patvars, -Ywarn-unused:privates, -Ywarn-extra-implicit, -Xlint:adapted-args, -Xlint:by-name-right-associative, -Xlint:delayedinit-select, -Xlint:doc-detached, -Xlint:inaccessible, -Xlint:infer-any, -Xlint:missing-interpolator, -Xlint:nullary-override, -Xlint:nullary-unit, -Xlint:option-implicit, -Xlint:package-object-classes, -Xlint:poly-implicit-overload, -Xlint:private-shadow, -Xlint:stars-align, -Xlint:type-parameter-shadow, -Xlint:unsound-match, -Ywarn-infer-any, -Ypartial-unification, UTF-8, -language:postfixOps, -Xplugin:/Users/williamv/Library/Caches/Coursier/v1/https/repo1.maven.org/maven2/org/typelevel/kind-projector_2.13/0.10.3/kind-projector_2.13-0.10.3.jar, -Xplugin:/Users/williamv/Library/Caches/Coursier/v1/https/repo1.maven.org/maven2/com/olegpy/better-monadic-for_2.13/0.3.1/better-monadic-for_2.13-0.3.1.jar, -Yrangepos, -Xplugin-require:semanticdb
something's wrong: no file:///Users/williamv/Documents/projects/uscis/http4sdemo/src/main/scala/com/example/http4sdemo/Http4sdemoServer.scala in cats.effect.ConcurrentEffect[F]RangePosition(file:///Users/williamv/Documents/projects/uscis/http4sdemo/src/main/scala/com/example/http4sdemo/Http4sdemoServer.scala, 399, 399, 417)
something's wrong: no file:///Users/williamv/Documents/projects/uscis/http4sdemo/src/main/scala/com/example/http4sdemo/Http4sdemoServer.scala in cats.effect.Timer[F]RangePosition(file:///Users/williamv/Documents/projects/uscis/http4sdemo/src/main/scala/com/example/http4sdemo/Http4sdemoServer.scala, 431, 431, 439)
2020.06.20 15:54:36 INFO  compiling root (5 scala sources)
2020.06.20 15:54:36 ERROR bad option: '-Yno-adapted-args'
2020.06.20 15:54:36 INFO  time: compiled root in 9ms
bad option: '-Yno-adapted-args'
Jun 20, 2020 3:54:42 PM scala.meta.internal.pc.ScalaPresentationCompiler newCompiler
WARNING: Unknown compiler options: -Yno-adapted-args, -Ywarn-dead-code, -Ywarn-inaccessible, -Ywarn-nullary-override, -Ywarn-nullary-unit, -Ywarn-numeric-widen, -Ywarn-value-discard, -Xlint:constant, -Ywarn-unused:implicits, -Ywarn-unused:imports, -Ywarn-unused:locals, -Ywarn-unused:params, -Ywarn-unused:patvars, -Ywarn-unused:privates, -Ywarn-extra-implicit, -Xlint:adapted-args, -Xlint:by-name-right-associative, -Xlint:delayedinit-select, -Xlint:doc-detached, -Xlint:inaccessible, -Xlint:infer-any, -Xlint:missing-interpolator, -Xlint:nullary-override, -Xlint:nullary-unit, -Xlint:option-implicit, -Xlint:package-object-classes, -Xlint:poly-implicit-overload, -Xlint:private-shadow, -Xlint:stars-align, -Xlint:type-parameter-shadow, -Xlint:unsound-match, -Ywarn-infer-any, -Ypartial-unification, UTF-8, -language:postfixOps, -Xplugin:/Users/williamv/Library/Caches/Coursier/v1/https/repo1.maven.org/maven2/org/typelevel/kind-projector_2.13/0.10.3/kind-projector_2.13-0.10.3.jar, -Xplugin:/Users/williamv/Library/Caches/Coursier/v1/https/repo1.maven.org/maven2/com/olegpy/better-monadic-for_2.13/0.3.1/better-monadic-for_2.13-0.3.1.jar, -Yrangepos, -Xplugin-require:semanticdb
something's wrong: no file:///Users/williamv/Documents/projects/uscis/http4sdemo/src/main/scala/com/example/http4sdemo/Http4sdemoRoutes.scala in org.http4s.dsl.Http4sDsl[F]RangePosition(file:///Users/williamv/Documents/projects/uscis/http4sdemo/src/main/scala/com/example/http4sdemo/Http4sdemoRoutes.scala, 525, 525, 537)
something's wrong: no file:///Users/williamv/Documents/projects/uscis/http4sdemo/src/main/scala/com/example/http4sdemo/Http4sdemoRoutes.scala in cats.effect.Sync[F]RangePosition(file:///Users/williamv/Documents/projects/uscis/http4sdemo/src/main/scala/com/example/http4sdemo/Http4sdemoRoutes.scala, 190, 190, 196)
something's wrong: no file:///Users/williamv/Documents/projects/uscis/http4sdemo/src/main/scala/com/example/http4sdemo/Http4sdemoRoutes.scala in cats.effect.Sync[F]RangePosition(file:///Users/williamv/Documents/projects/uscis/http4sdemo/src/main/scala/com/example/http4sdemo/Http4sdemoRoutes.scala, 190, 190, 196)
2020.06.20 15:57:29 ERROR code navigation does not work for the file '/Users/williamv/Documents/projects/uscis/http4sdemo/src/main/scala/com/example/http4sdemo/Main.scala' because the SemanticDB file '/Users/williamv/Documents/projects/uscis/http4sdemo/.bloop/root/bloop-bsp-clients-classes/classes-Metals-DMQXWpUHT-iAkPGw9qtNfw==/META-INF/semanticdb/src/main/scala/com/example/http4sdemo/Main.scala.semanticdb' doesn't exist. There can be many reasons for this error. 
bad option: '-Yno-adapted-args'
Jun 20, 2020 3:57:30 PM scala.meta.internal.pc.ScalaPresentationCompiler newCompiler
WARNING: Unknown compiler options: -Yno-adapted-args, -Ywarn-dead-code, -Ywarn-inaccessible, -Ywarn-nullary-override, -Ywarn-nullary-unit, -Ywarn-numeric-widen, -Ywarn-value-discard, -Xlint:constant, -Ywarn-unused:implicits, -Ywarn-unused:imports, -Ywarn-unused:locals, -Ywarn-unused:params, -Ywarn-unused:patvars, -Ywarn-unused:privates, -Ywarn-extra-implicit, -Xlint:adapted-args, -Xlint:by-name-right-associative, -Xlint:delayedinit-select, -Xlint:doc-detached, -Xlint:inaccessible, -Xlint:infer-any, -Xlint:missing-interpolator, -Xlint:nullary-override, -Xlint:nullary-unit, -Xlint:option-implicit, -Xlint:package-object-classes, -Xlint:poly-implicit-overload, -Xlint:private-shadow, -Xlint:stars-align, -Xlint:type-parameter-shadow, -Xlint:unsound-match, -Ywarn-infer-any, -Ypartial-unification, UTF-8, -language:postfixOps, -Xplugin:/Users/williamv/Library/Caches/Coursier/v1/https/repo1.maven.org/maven2/org/typelevel/kind-projector_2.13/0.10.3/kind-projector_2.13-0.10.3.jar, -Xplugin:/Users/williamv/Library/Caches/Coursier/v1/https/repo1.maven.org/maven2/com/olegpy/better-monadic-for_2.13/0.3.1/better-monadic-for_2.13-0.3.1.jar, -Yrangepos, -Xplugin-require:semanticdb
Jun 20, 2020 3:57:32 PM org.eclipse.lsp4j.jsonrpc.RemoteEndpoint handleCancellation
WARNING: Unmatched cancel notification for request id 363
2020.06.20 16:00:33 INFO  running '/Library/Java/JavaVirtualMachines/openjdk-11.0.2.jdk/Contents/Home/bin/java -Djline.terminal=jline.UnsupportedTerminal -Dsbt.log.noformat=true -Dfile.encoding=UTF-8 -jar /var/folders/r6/cc70_4417gqg169l_vzntt5j0sjhw1/T/metals6012358516782250504/sbt-launch.jar -Dbloop.export-jar-classifiers=sources bloopInstall'
2020.06.20 16:00:37 INFO  [info] welcome to sbt 1.3.12 (Oracle Corporation Java 11.0.2)
2020.06.20 16:00:39 INFO  [info] loading global plugins from /Users/williamv/.sbt/1.0/plugins
2020.06.20 16:00:40 INFO  [info] loading settings for project http4sdemo-build from plugins.sbt,metals.sbt ...
2020.06.20 16:00:40 INFO  [info] loading project definition from /Users/williamv/Documents/projects/uscis/http4sdemo/project
2020.06.20 16:00:42 INFO  [warn] There may be incompatibilities among your library dependencies; run 'evicted' to see detailed eviction warnings.
2020.06.20 16:00:46 INFO  [info] loading settings for project root from build.sbt ...
2020.06.20 16:00:46 INFO  [info] set current project to http4sdemo (in build file:/Users/williamv/Documents/projects/uscis/http4sdemo/)
2020.06.20 16:00:48 INFO  [warn] There may be incompatibilities among your library dependencies; run 'evicted' to see detailed eviction warnings.
2020.06.20 16:00:48 INFO  [warn] There may be incompatibilities among your library dependencies; run 'evicted' to see detailed eviction warnings.
2020.06.20 16:00:48 INFO  [success] Generated .bloop/root-test.json
2020.06.20 16:00:48 INFO  [success] Generated .bloop/root.json
2020.06.20 16:00:48 INFO  [success] Total time: 1 s, completed Jun 20, 2020, 4:00:49 PM
2020.06.20 16:00:48 INFO  build tool exit: 0
2020.06.20 16:00:49 INFO  time: ran 'sbt bloopInstall' in 15s
2020.06.20 16:00:49 INFO  disconnected: build server
No more data in the client stdin, exiting...
Starting the bsp launcher for bloop...
No more data in the server stdin, exiting...
No more data in the server stdin, exiting...
Opening a bsp server connection with 'bsp --protocol local --socket /var/folders/r6/cc70_4417gqg169l_vzntt5j0sjhw1/T/bsp-launcher10587629175376441396/bsp.socket'...
Waiting for the bsp connection to come up...
[0m[32m[D][0m Loading workspace settings from bloop.settings.json
[0m[32m[D][0m Loading 2 projects from '/Users/williamv/Documents/projects/uscis/http4sdemo/.bloop'...
[0m[32m[D][0m Loading project from '/Users/williamv/Documents/projects/uscis/http4sdemo/.bloop/root.json'
[0m[32m[D][0m Loading project from '/Users/williamv/Documents/projects/uscis/http4sdemo/.bloop/root-test.json'
[0m[32m[D][0m Configured SemanticDB in projects 'root', 'root-test'
[0m[32m[D][0m Waiting for a connection at local:///var/folders/r6/cc70_4417gqg169l_vzntt5j0sjhw1/T/bsp-launcher10587629175376441396/bsp.socket...
The server is listening for incoming connections at local:///var/folders/r6/cc70_4417gqg169l_vzntt5j0sjhw1/T/bsp-launcher10587629175376441396/bsp.socket...
Starting thread that pumps stdin and redirects it to the bsp server...
Starting thread that pumps server stdout and redirects it to the client stdout...
2020.06.20 16:00:49 INFO  tracing is disabled for protocol BSP, to enable tracing of incoming and outgoing JSON messages create an empty file at /Users/williamv/Library/Caches/org.scalameta.metals/bsp.trace.json
2020.06.20 16:00:49 INFO  Connected to Build server v1.4.0-RC1-229-b7c15aa9
2020.06.20 16:00:51 INFO  time: indexed workspace in 1.75s
2020.06.20 16:01:01 INFO  skipping build import with status 'Installed'
2020.06.20 16:01:01 INFO  compiling root (5 scala sources)
2020.06.20 16:01:18 INFO  compiling root-test (1 scala source)
2020.06.20 16:01:18 INFO  time: compiled root in 17s
2020.06.20 16:01:20 INFO  time: compiled root-test in 1.54s
2020.06.20 16:06:38 INFO  shutting down Metals
No more data in the client stdin, exiting...
No more data in the server stdin, exiting...
No more data in the server stdin, exiting...
2020.06.20 16:07:31 INFO  started: Metals version 0.9.0 in workspace '/Users/williamv/Documents/projects/uscis/http4sdemo'
2020.06.20 16:07:33 INFO  time: initialize in 1.64s
Starting the bsp launcher for bloop...
Opening a bsp server connection with 'bsp --protocol local --socket /var/folders/r6/cc70_4417gqg169l_vzntt5j0sjhw1/T/bsp-launcher16682087474757820507/bsp.socket'...
Waiting for the bsp connection to come up...
[0m[32m[D][0m Loading workspace settings from bloop.settings.json
[0m[32m[D][0m Waiting for a connection at local:///var/folders/r6/cc70_4417gqg169l_vzntt5j0sjhw1/T/bsp-launcher16682087474757820507/bsp.socket...
The server is listening for incoming connections at local:///var/folders/r6/cc70_4417gqg169l_vzntt5j0sjhw1/T/bsp-launcher16682087474757820507/bsp.socket...
2020.06.20 16:07:34 INFO  skipping build import with status 'Installed'
2020.06.20 16:07:34 INFO  no build target: using presentation compiler with only scala-library
Starting thread that pumps stdin and redirects it to the bsp server...
Starting thread that pumps server stdout and redirects it to the client stdout...
2020.06.20 16:07:34 INFO  tracing is disabled for protocol BSP, to enable tracing of incoming and outgoing JSON messages create an empty file at /Users/williamv/Library/Caches/org.scalameta.metals/bsp.trace.json
2020.06.20 16:07:34 INFO  time: connected to build server in 0.44s
2020.06.20 16:07:34 INFO  Connected to Build server v1.4.0-RC1-229-b7c15aa9
2020.06.20 16:07:39 INFO  time: indexed workspace in 5.42s
something's wrong: no file:///Users/williamv/Documents/projects/uscis/http4sdemo/src/main/scala/com/example/http4sdemo/Http4sdemoServer.scala in cats.effect.ConcurrentEffect[F]RangePosition(file:///Users/williamv/Documents/projects/uscis/http4sdemo/src/main/scala/com/example/http4sdemo/Http4sdemoServer.scala, 399, 399, 417)
something's wrong: no file:///Users/williamv/Documents/projects/uscis/http4sdemo/src/main/scala/com/example/http4sdemo/Http4sdemoServer.scala in cats.effect.ConcurrentEffect[F]RangePosition(file:///Users/williamv/Documents/projects/uscis/http4sdemo/src/main/scala/com/example/http4sdemo/Http4sdemoServer.scala, 399, 399, 417)
something's wrong: no file:///Users/williamv/Documents/projects/uscis/http4sdemo/src/main/scala/com/example/http4sdemo/Http4sdemoServer.scala in cats.effect.ConcurrentEffect[F]RangePosition(file:///Users/williamv/Documents/projects/uscis/http4sdemo/src/main/scala/com/example/http4sdemo/Http4sdemoServer.scala, 399, 399, 417)
something's wrong: no file:///Users/williamv/Documents/projects/uscis/http4sdemo/src/main/scala/com/example/http4sdemo/Http4sdemoServer.scala in cats.effect.ContextShift[F]RangePosition(file:///Users/williamv/Documents/projects/uscis/http4sdemo/src/main/scala/com/example/http4sdemo/Http4sdemoServer.scala, 444, 444, 459)
2020.06.21 11:07:36 INFO  shutting down Metals
No more data in the client stdin, exiting...
No more data in the server stdin, exiting...
No more data in the server stdin, exiting...
2020.06.21 11:11:02 INFO  started: Metals version 0.9.0 in workspace '/Users/williamv/Documents/projects/uscis/http4sdemo'
2020.06.21 11:11:04 INFO  time: initialize in 1.54s
Starting the bsp launcher for bloop...
Opening a bsp server connection with 'bsp --protocol local --socket /var/folders/r6/cc70_4417gqg169l_vzntt5j0sjhw1/T/bsp-launcher12201634989379019572/bsp.socket'...
Waiting for the bsp connection to come up...
2020.06.21 11:11:04 INFO  skipping build import with status 'Installed'
2020.06.21 11:11:04 INFO  no build target: using presentation compiler with only scala-library
Waiting for the bsp connection to come up...
Waiting for the bsp connection to come up...
Waiting for the bsp connection to come up...
2020.06.21 11:11:08 WARN  no build target for: /Users/williamv/Documents/projects/uscis/http4sdemo/src/main/scala/com/example/http4sdemo/Http4sdemoServer.scala
Waiting for the bsp connection to come up...
No server running at 127.0.0.1:8212, let's fire one...
Resolving ch.epfl.scala:bloop-frontend_2.12:1.4.0-RC1-229-b7c15aa9...
Starting bloop server at 127.0.0.1:8212...
Attempting a connection to the server...
Attempting a connection to the server...
Attempting a connection to the server...
Attempting a connection to the server...
Attempting a connection to the server...
Attempting a connection to the server...
[0m[32m[D][0m Loading workspace settings from bloop.settings.json
[0m[32m[D][0m Loading 2 projects from '/Users/williamv/Documents/projects/uscis/http4sdemo/.bloop'...
[0m[32m[D][0m Loading project from '/Users/williamv/Documents/projects/uscis/http4sdemo/.bloop/root-test.json'
[0m[32m[D][0m Loading project from '/Users/williamv/Documents/projects/uscis/http4sdemo/.bloop/root.json'
[0m[32m[D][0m Cache miss for scala instance org.scala-lang:scala-compiler:2.13.1.
[0m[32m[D][0m   => /Users/williamv/Library/Caches/Coursier/v1/https/repo1.maven.org/maven2/jline/jline/2.14.6/jline-2.14.6.jar
[0m[32m[D][0m   => /Users/williamv/Library/Caches/Coursier/v1/https/repo1.maven.org/maven2/org/fusesource/jansi/jansi/1.12/jansi-1.12.jar
[0m[32m[D][0m   => /Users/williamv/Library/Caches/Coursier/v1/https/repo1.maven.org/maven2/org/scala-lang/scala-compiler/2.13.1/scala-compiler-2.13.1.jar
[0m[32m[D][0m   => /Users/williamv/Library/Caches/Coursier/v1/https/repo1.maven.org/maven2/org/scala-lang/scala-library/2.13.1/scala-library-2.13.1.jar
[0m[32m[D][0m   => /Users/williamv/Library/Caches/Coursier/v1/https/repo1.maven.org/maven2/org/scala-lang/scala-reflect/2.13.1/scala-reflect-2.13.1.jar
[0m[32m[D][0m Configured SemanticDB in projects 'root-test', 'root'
[0m[32m[D][0m Loading previous analysis for 'root-test' from '/Users/williamv/Documents/projects/uscis/http4sdemo/target/streams/test/bloopAnalysisOut/_global/streams/inc_compile_2.13.zip'.
[0m[32m[D][0m Loading previous analysis for 'root' from '/Users/williamv/Documents/projects/uscis/http4sdemo/target/streams/compile/bloopAnalysisOut/_global/streams/inc_compile_2.13.zip'.
[0m[32m[D][0m Waiting for a connection at local:///var/folders/r6/cc70_4417gqg169l_vzntt5j0sjhw1/T/bsp-launcher12201634989379019572/bsp.socket...
The server is listening for incoming connections at local:///var/folders/r6/cc70_4417gqg169l_vzntt5j0sjhw1/T/bsp-launcher12201634989379019572/bsp.socket...
Starting thread that pumps stdin and redirects it to the bsp server...
Starting thread that pumps server stdout and redirects it to the client stdout...
2020.06.21 11:11:10 INFO  tracing is disabled for protocol BSP, to enable tracing of incoming and outgoing JSON messages create an empty file at /Users/williamv/Library/Caches/org.scalameta.metals/bsp.trace.json
2020.06.21 11:11:10 INFO  time: connected to build server in 5.92s
2020.06.21 11:11:10 INFO  Connected to Build server v1.4.0-RC1-229-b7c15aa9
2020.06.21 11:11:10 INFO  time: imported build in 0.15s
2020.06.21 11:11:12 INFO  time: indexed workspace in 1.73s
something's wrong: no file:///Users/williamv/Documents/projects/uscis/http4sdemo/src/main/scala/com/example/http4sdemo/HelloWorld.scala in io.circe.Encoder[com.example.http4sdemo.HelloWorld.Greeting]RangePosition(file:///Users/williamv/Documents/projects/uscis/http4sdemo/src/main/scala/com/example/http4sdemo/HelloWorld.scala, 715, 715, 732)
something's wrong: no file:///Users/williamv/Documents/projects/uscis/http4sdemo/src/main/scala/com/example/http4sdemo/Http4sdemoRoutes.scala in cats.effect.Sync[F]RangePosition(file:///Users/williamv/Documents/projects/uscis/http4sdemo/src/main/scala/com/example/http4sdemo/Http4sdemoRoutes.scala, 190, 190, 196)
something's wrong: no file:///Users/williamv/Documents/projects/uscis/http4sdemo/src/main/scala/com/example/http4sdemo/Http4sdemoRoutes.scala in org.http4s.dsl.Http4sDsl[F]RangePosition(file:///Users/williamv/Documents/projects/uscis/http4sdemo/src/main/scala/com/example/http4sdemo/Http4sdemoRoutes.scala, 248, 248, 260)
something's wrong: no file:///Users/williamv/Documents/projects/uscis/http4sdemo/src/main/scala/com/example/http4sdemo/Http4sdemoRoutes.scala in org.http4s.dsl.Http4sDsl[F]RangePosition(file:///Users/williamv/Documents/projects/uscis/http4sdemo/src/main/scala/com/example/http4sdemo/Http4sdemoRoutes.scala, 248, 248, 260)
something's wrong: no file:///Users/williamv/Documents/projects/uscis/http4sdemo/src/main/scala/com/example/http4sdemo/Http4sdemoRoutes.scala in org.http4s.dsl.Http4sDsl[F]RangePosition(file:///Users/williamv/Documents/projects/uscis/http4sdemo/src/main/scala/com/example/http4sdemo/Http4sdemoRoutes.scala, 248, 248, 260)
something's wrong: no file:///Users/williamv/Documents/projects/uscis/http4sdemo/src/main/scala/com/example/http4sdemo/Http4sdemoServer.scala in cats.effect.ConcurrentEffect[F]RangePosition(file:///Users/williamv/Documents/projects/uscis/http4sdemo/src/main/scala/com/example/http4sdemo/Http4sdemoServer.scala, 399, 399, 417)
something's wrong: no file:///Users/williamv/Documents/projects/uscis/http4sdemo/src/main/scala/com/example/http4sdemo/Http4sdemoServer.scala in cats.effect.Timer[F]RangePosition(file:///Users/williamv/Documents/projects/uscis/http4sdemo/src/main/scala/com/example/http4sdemo/Http4sdemoServer.scala, 431, 431, 439)
something's wrong: no file:///Users/williamv/Documents/projects/uscis/http4sdemo/src/main/scala/com/example/http4sdemo/Http4sdemoServer.scala in cats.effect.ContextShift[F]RangePosition(file:///Users/williamv/Documents/projects/uscis/http4sdemo/src/main/scala/com/example/http4sdemo/Http4sdemoServer.scala, 444, 444, 459)
2020.06.21 13:15:26 INFO  running '/Library/Java/JavaVirtualMachines/openjdk-11.0.2.jdk/Contents/Home/bin/java -Djline.terminal=jline.UnsupportedTerminal -Dsbt.log.noformat=true -Dfile.encoding=UTF-8 -jar /var/folders/r6/cc70_4417gqg169l_vzntt5j0sjhw1/T/metals12372328608738425475/sbt-launch.jar -Dbloop.export-jar-classifiers=sources bloopInstall'
2020.06.21 13:15:30 INFO  [info] welcome to sbt 1.3.12 (Oracle Corporation Java 11.0.2)
2020.06.21 13:15:32 INFO  [info] loading global plugins from /Users/williamv/.sbt/1.0/plugins
2020.06.21 13:15:33 INFO  [info] loading settings for project http4sdemo-build from plugins.sbt,metals.sbt ...
2020.06.21 13:15:33 INFO  [info] loading project definition from /Users/williamv/Documents/projects/uscis/http4sdemo/project
2020.06.21 13:15:37 INFO  [info] loading settings for project root from build.sbt ...
2020.06.21 13:15:37 INFO  [info] set current project to http4sdemo (in build file:/Users/williamv/Documents/projects/uscis/http4sdemo/)
2020.06.21 13:15:37 INFO  [success] Generated .bloop/root.json
2020.06.21 13:15:37 INFO  [success] Generated .bloop/root-test.json
2020.06.21 13:15:37 INFO  [success] Total time: 0 s, completed Jun 21, 2020, 1:15:38 PM
2020.06.21 13:15:38 INFO  build tool exit: 0
2020.06.21 13:15:38 INFO  time: ran 'sbt bloopInstall' in 11s
2020.06.21 13:15:38 INFO  disconnected: build server
No more data in the client stdin, exiting...
Starting the bsp launcher for bloop...
Opening a bsp server connection with 'bsp --protocol local --socket /var/folders/r6/cc70_4417gqg169l_vzntt5j0sjhw1/T/bsp-launcher17964047178035397545/bsp.socket'...
Waiting for the bsp connection to come up...
No more data in the server stdin, exiting...
No more data in the server stdin, exiting...
[0m[32m[D][0m Loading workspace settings from bloop.settings.json
[0m[32m[D][0m Waiting for a connection at local:///var/folders/r6/cc70_4417gqg169l_vzntt5j0sjhw1/T/bsp-launcher17964047178035397545/bsp.socket...
The server is listening for incoming connections at local:///var/folders/r6/cc70_4417gqg169l_vzntt5j0sjhw1/T/bsp-launcher17964047178035397545/bsp.socket...
Starting thread that pumps stdin and redirects it to the bsp server...
Starting thread that pumps server stdout and redirects it to the client stdout...
2020.06.21 13:15:38 INFO  tracing is disabled for protocol BSP, to enable tracing of incoming and outgoing JSON messages create an empty file at /Users/williamv/Library/Caches/org.scalameta.metals/bsp.trace.json
2020.06.21 13:15:38 INFO  Connected to Build server v1.4.0-RC1-229-b7c15aa9
2020.06.21 13:15:38 INFO  time: indexed workspace in 0.81s
2020.06.21 13:18:43 INFO  skipping build import with status 'Dismissed'
2020.06.21 13:18:47 INFO  running '/Library/Java/JavaVirtualMachines/openjdk-11.0.2.jdk/Contents/Home/bin/java -Djline.terminal=jline.UnsupportedTerminal -Dsbt.log.noformat=true -Dfile.encoding=UTF-8 -jar /var/folders/r6/cc70_4417gqg169l_vzntt5j0sjhw1/T/metals6149211681543322052/sbt-launch.jar -Dbloop.export-jar-classifiers=sources bloopInstall'
2020.06.21 13:18:50 INFO  [info] welcome to sbt 1.3.12 (Oracle Corporation Java 11.0.2)
2020.06.21 13:18:52 INFO  [info] loading global plugins from /Users/williamv/.sbt/1.0/plugins
2020.06.21 13:18:54 INFO  [info] loading settings for project http4sdemo-build from plugins.sbt,metals.sbt ...
2020.06.21 13:18:54 INFO  [info] loading project definition from /Users/williamv/Documents/projects/uscis/http4sdemo/project
2020.06.21 13:18:56 ERROR /Users/williamv/Documents/projects/uscis/http4sdemo/build.sbt:25: error: not found: value ZIOLoggingVersion
2020.06.21 13:18:56 ERROR       "dev.zio"                  %% "zio-logging"         % ZIOLoggingVersion,
2020.06.21 13:18:56 ERROR                                                             ^
2020.06.21 13:18:56 ERROR /Users/williamv/Documents/projects/uscis/http4sdemo/build.sbt:26: error: not found: value ZIOLoggingVersion
2020.06.21 13:18:56 ERROR       "dev.zio"                  %% "zio-logging-slf4j"   % ZIOLoggingVersion,
2020.06.21 13:18:56 ERROR                                                             ^
2020.06.21 13:18:56 INFO  [error] sbt.compiler.EvalException: Type error in expression
2020.06.21 13:18:56 INFO  [error] Use 'last' for the full log.
2020.06.21 13:18:56 INFO  Project loading failed: (r)etry, (q)uit, (l)ast, or (i)gnore? 
2020.06.21 13:18:56 INFO  build tool exit: 1
2020.06.21 13:18:56 INFO  time: ran 'sbt bloopInstall' in 8.9s
2020.06.21 13:18:56 INFO  disconnected: build server
2020.06.21 13:18:56 ERROR sbt command failed: /Library/Java/JavaVirtualMachines/openjdk-11.0.2.jdk/Contents/Home/bin/java -Djline.terminal=jline.UnsupportedTerminal -Dsbt.log.noformat=true -Dfile.encoding=UTF-8 -jar /var/folders/r6/cc70_4417gqg169l_vzntt5j0sjhw1/T/metals6149211681543322052/sbt-launch.jar -Dbloop.export-jar-classifiers=sources bloopInstall
No more data in the client stdin, exiting...
Starting the bsp launcher for bloop...
Opening a bsp server connection with 'bsp --protocol local --socket /var/folders/r6/cc70_4417gqg169l_vzntt5j0sjhw1/T/bsp-launcher9597031158300484425/bsp.socket'...
Waiting for the bsp connection to come up...
No more data in the server stdin, exiting...
No more data in the server stdin, exiting...
[0m[32m[D][0m Loading workspace settings from bloop.settings.json
[0m[32m[D][0m Waiting for a connection at local:///var/folders/r6/cc70_4417gqg169l_vzntt5j0sjhw1/T/bsp-launcher9597031158300484425/bsp.socket...
The server is listening for incoming connections at local:///var/folders/r6/cc70_4417gqg169l_vzntt5j0sjhw1/T/bsp-launcher9597031158300484425/bsp.socket...
Starting thread that pumps stdin and redirects it to the bsp server...
Starting thread that pumps server stdout and redirects it to the client stdout...
2020.06.21 13:18:56 INFO  tracing is disabled for protocol BSP, to enable tracing of incoming and outgoing JSON messages create an empty file at /Users/williamv/Library/Caches/org.scalameta.metals/bsp.trace.json
2020.06.21 13:18:56 INFO  Connected to Build server v1.4.0-RC1-229-b7c15aa9
2020.06.21 13:18:56 INFO  time: indexed workspace in 0.8s
2020.06.21 13:19:29 INFO  skipping build import with status 'Dismissed'
Jun 21, 2020 3:57:27 PM org.eclipse.lsp4j.jsonrpc.services.GenericEndpoint notify
INFO: Unsupported notification method: $/setTraceNotification
2020.06.25 12:56:42 INFO  shutting down Metals
No more data in the client stdin, exiting...
No more data in the server stdin, exiting...
No more data in the server stdin, exiting...
2020.06.27 10:24:35 INFO  started: Metals version 0.9.0 in workspace '/Users/williamv/Documents/projects/uscis/http4sdemo'
2020.06.27 10:24:36 INFO  time: initialize in 1.07s
Starting the bsp launcher for bloop...
Opening a bsp server connection with 'bsp --protocol local --socket /var/folders/r6/cc70_4417gqg169l_vzntt5j0sjhw1/T/bsp-launcher16881778683948518479/bsp.socket'...
Waiting for the bsp connection to come up...
2020.06.27 10:24:37 INFO  no build target: using presentation compiler with only scala-library
[0m[32m[D][0m Loading workspace settings from bloop.settings.json
[0m[32m[D][0m Waiting for a connection at local:///var/folders/r6/cc70_4417gqg169l_vzntt5j0sjhw1/T/bsp-launcher16881778683948518479/bsp.socket...
The server is listening for incoming connections at local:///var/folders/r6/cc70_4417gqg169l_vzntt5j0sjhw1/T/bsp-launcher16881778683948518479/bsp.socket...
Starting thread that pumps stdin and redirects it to the bsp server...
Starting thread that pumps server stdout and redirects it to the client stdout...
2020.06.27 10:24:37 INFO  tracing is disabled for protocol BSP, to enable tracing of incoming and outgoing JSON messages create an empty file at /Users/williamv/Library/Caches/org.scalameta.metals/bsp.trace.json
2020.06.27 10:24:37 INFO  time: connected to build server in 0.81s
2020.06.27 10:24:37 INFO  Connected to Build server v1.4.0-RC1-229-b7c15aa9
2020.06.27 10:24:37 INFO  time: imported build in 0.17s
2020.06.27 10:24:42 INFO  time: indexed workspace in 4.41s
